INFO:root:Inserting data into database
INFO:root:Inserting data into database
INFO:root:CONNECTING TO DATABASE    
INFO:root:CREATING DB IF NOT EXIST
INFO:root:CREATING TABLE IF NOT EXIST
DEBUG:pymongo.ocsp_support:Peer did not staple an OCSP response
DEBUG:pymongo.ocsp_support:Requesting OCSP data
DEBUG:pymongo.ocsp_support:Trying http://r3.o.lencr.org
DEBUG:urllib3.connectionpool:Starting new HTTP connection (1): r3.o.lencr.org:80
DEBUG:pymongo.ocsp_support:Peer did not staple an OCSP response
DEBUG:pymongo.ocsp_support:Requesting OCSP data
DEBUG:pymongo.ocsp_support:Trying http://r3.o.lencr.org
DEBUG:urllib3.connectionpool:Starting new HTTP connection (1): r3.o.lencr.org:80
DEBUG:pymongo.ocsp_support:Peer did not staple an OCSP response
DEBUG:pymongo.ocsp_support:Requesting OCSP data
DEBUG:pymongo.ocsp_support:Trying http://r3.o.lencr.org
DEBUG:urllib3.connectionpool:Starting new HTTP connection (1): r3.o.lencr.org:80
DEBUG:urllib3.connectionpool:http://r3.o.lencr.org:80 "POST / HTTP/1.1" 200 503
DEBUG:urllib3.connectionpool:http://r3.o.lencr.org:80 "POST / HTTP/1.1" 200 503
DEBUG:pymongo.ocsp_support:OCSP response status: <OCSPResponseStatus.SUCCESSFUL: 0>
DEBUG:pymongo.ocsp_support:Verifying response
DEBUG:pymongo.ocsp_support:OCSP response status: <OCSPResponseStatus.SUCCESSFUL: 0>
DEBUG:pymongo.ocsp_support:Verifying response
DEBUG:pymongo.ocsp_support:Responder is issuer
DEBUG:pymongo.ocsp_support:Responder is issuer
DEBUG:pymongo.ocsp_support:Caching OCSP response.
DEBUG:pymongo.ocsp_support:OCSP cert status: <OCSPCertStatus.GOOD: 0>
DEBUG:pymongo.ocsp_support:Caching OCSP response.
DEBUG:pymongo.ocsp_support:OCSP cert status: <OCSPCertStatus.GOOD: 0>
DEBUG:urllib3.connectionpool:http://r3.o.lencr.org:80 "POST / HTTP/1.1" 200 503
DEBUG:pymongo.ocsp_support:OCSP response status: <OCSPResponseStatus.SUCCESSFUL: 0>
DEBUG:pymongo.ocsp_support:Verifying response
DEBUG:pymongo.ocsp_support:Responder is issuer
DEBUG:pymongo.ocsp_support:Caching OCSP response.
DEBUG:pymongo.ocsp_support:OCSP cert status: <OCSPCertStatus.GOOD: 0>
DEBUG:pymongo.ocsp_support:Peer did not staple an OCSP response
DEBUG:pymongo.ocsp_support:Requesting OCSP data
DEBUG:pymongo.ocsp_support:Trying http://r3.o.lencr.org
DEBUG:pymongo.ocsp_support:Using cached OCSP response.
DEBUG:pymongo.ocsp_support:OCSP cert status: <OCSPCertStatus.GOOD: 0>
DEBUG:pymongo.ocsp_support:Peer did not staple an OCSP response
DEBUG:pymongo.ocsp_support:Requesting OCSP data
DEBUG:pymongo.ocsp_support:Trying http://r3.o.lencr.org
DEBUG:pymongo.ocsp_support:Using cached OCSP response.
DEBUG:pymongo.ocsp_support:OCSP cert status: <OCSPCertStatus.GOOD: 0>
DEBUG:pymongo.ocsp_support:Peer did not staple an OCSP response
DEBUG:pymongo.ocsp_support:Requesting OCSP data
DEBUG:pymongo.ocsp_support:Trying http://r3.o.lencr.org
DEBUG:pymongo.ocsp_support:Using cached OCSP response.
DEBUG:pymongo.ocsp_support:OCSP cert status: <OCSPCertStatus.GOOD: 0>
INFO:root:INSERTING DATA INTO DATABASE
DEBUG:pymongo.ocsp_support:Peer did not staple an OCSP response
DEBUG:pymongo.ocsp_support:Requesting OCSP data
DEBUG:pymongo.ocsp_support:Trying http://r3.o.lencr.org
DEBUG:pymongo.ocsp_support:Using cached OCSP response.
DEBUG:pymongo.ocsp_support:OCSP cert status: <OCSPCertStatus.GOOD: 0>
INFO:root:DATA INSERTED
